[     118ms] [INFO] %c📡 [info] GET /backlog/24
 color: inherit; @ http://localhost:51122/phoenix/live_reload/frame:1804
[     161ms] [INFO] %c📡 [info] Sent 200 in 45ms
 color: inherit; @ http://localhost:51122/phoenix/live_reload/frame:1804
[     310ms] [LOG] phx-GLLBNXu2rYAAHh0B mount:  -  {0: Object, 1: 24, 2: Request detail, 3: , 4: Object, 5: Object, 6: Object, 7: , 8: , 9: , 10: , 11: Playwright test request, 12: , 13: Object, 14: Object, 15: Edit, 16: Object, 17: Object, 18: Object, 19: Delete, 20: , 21: , 22: , 23: Images, 24: , 25:  phx-drop-target="phx-GLLBNYaFLp-U9h3h", 26:  for="phx-GLLBNYaFLp-U9h3h", 27: Object, 28: Drop or click to upload, 29: JPG, PNG — max 14 MB, 30: Object, 31: , 32: , 33: Object, 34: Subtasks, 35: , 36: , 37: , 38: Object, 39: Comments, 40: 0, 41: Object, 42:  data-users="[{&quot;id&quot;:2,&quot;username&quo…d&quot;:1,&quot;username&quot;:&quot;dev&quot;}]", 43:  placeholder="Write a comment… use @ to mention", 44: Object, 45: Comment, 46: Status, 47: , 48: Object, 49: , 50: Priority, 51: Object, 52: Requesting team, 53: Development Team, 54: Assigned team, 55: Object, 56: Reporter, 57: dev, 58: Created, 59: May 25, 2026, 60: Deadline, 61: Object, 62: Updated At, 63: May 25, 2026, 64: Aging, 65: aging aging-ok, 66: 0, 67: GitHub issue, 68: Object, 69: Object, 70: , 71: , 72: , 73: , t: Request Details, p: Object, s: 22} @ http://localhost:51122/assets/js/app.js:1843
[   27369ms] [LOG] phx-GLLBNXu2rYAAHh0B update:  -  {9: , 10: , 12: , 35: , 36: , 47: , 48: Object, 49: , 65: aging aging-ok, 66: 0, 70: Object, p: Object} @ http://localhost:51122/assets/js/app.js:1843
[   37935ms] [LOG] phx-GLLBNXu2rYAAHh0B update:  -  {9: , 10: , 12: , 35: , 36: , 47: , 48: Object, 49: , 65: aging aging-ok, 66: 0, 70: } @ http://localhost:51122/assets/js/app.js:1843
[   43021ms] [LOG] phx-GLLBNXu2rYAAHh0B update:  -  {9: , 10: , 12: , 35: , 36: , 47: , 48: Object, 49: , 65: aging aging-ok, 66: 0, 73: Object, p: Object} @ http://localhost:51122/assets/js/app.js:1843
[   82666ms] [LOG] phx-GLLBNXu2rYAAHh0B update:  -  {9: , 10: , 12: , 35: , 36: , 47: , 48: Object, 49: , 65: aging aging-ok, 66: 0, 73: } @ http://localhost:51122/assets/js/app.js:1843
[   87579ms] [LOG] phx-GLLBNXu2rYAAHh0B update:  -  {9: , 10: , 12: , 35: , 36: , 47: , 48: Object, 49: , 65: aging aging-ok, 66: 0, 72: Object, p: Object} @ http://localhost:51122/assets/js/app.js:1843
[   97873ms] [LOG] phx-GLLBNXu2rYAAHh0B update:  -  {9: , 10: , 12: , 35: , 36: , 47: , 48: Object, 49: , 65: aging aging-ok, 66: 0, 72: } @ http://localhost:51122/assets/js/app.js:1843
[  102170ms] [INFO] %c📡 [info] Starting summarization for request 24, updating field: title (attempt 3)
 color: inherit; @ http://localhost:51122/phoenix/live_reload/frame:1804
[  102173ms] [WARNING] %c📡 [warning] Summarization requested but model is still loading
 color: inherit; @ http://localhost:51122/phoenix/live_reload/frame:1804
[  102173ms] [INFO] %c📡 [info] ML model not ready yet for request 24, will retry in 180s (attempt 3)
 color: inherit; @ http://localhost:51122/phoenix/live_reload/frame:1804
[  102610ms] [LOG] phx-GLLBNXu2rYAAHh0B update:  -  {9: , 10: , 12: , 35: , 36: , 47: , 48: Object, 49: , 65: aging aging-ok, 66: 0, 71: Object, p: Object} @ http://localhost:51122/assets/js/app.js:1843
[  113464ms] [LOG] phx-GLLBNXu2rYAAHh0B update:  -  {9: , 10: , 12: , 35: , 36: , 47: , 48: Object, 49: , 65: aging aging-ok, 66: 0, 71: } @ http://localhost:51122/assets/js/app.js:1843
[  131010ms] [LOG] phx-GLLBNXu2rYAAHh0B update:  -  {4: Object, 7: , 8: , 9: , 10: , 12: , 35: , 36: , 47: , 48: Object, 49: , 63: May 25, 2026, 65: aging aging-ok, 66: 0, 69: Object, 70: , p: Object} @ http://localhost:51122/assets/js/app.js:1843
[  156517ms] [INFO] %c📡 [info] Starting summarization for request 23, updating field: title (attempt 14)
 color: inherit; @ http://localhost:51122/phoenix/live_reload/frame:1804
[  156522ms] [WARNING] %c📡 [warning] Summarization requested but model is still loading
 color: inherit; @ http://localhost:51122/phoenix/live_reload/frame:1804
[  156522ms] [INFO] %c📡 [info] ML model not ready yet for request 23, will retry in 840s (attempt 14)
 color: inherit; @ http://localhost:51122/phoenix/live_reload/frame:1804
[  188540ms] [LOG] phx-GLLBNXu2rYAAHh0B update:  -  {9: , 10: , 12: Object, 35: Object, 36: Object, 37: Object, 47: , 48: Object, 49: , 65: aging aging-ok, 66: 0, p: Object, e: Array(1)} @ http://localhost:51122/assets/js/app.js:1843
[  282320ms] [INFO] %c📡 [info] Starting summarization for request 24, updating field: title (attempt 4)
 color: inherit; @ http://localhost:51122/phoenix/live_reload/frame:1804
[  282324ms] [WARNING] %c📡 [warning] Summarization requested but model is still loading
 color: inherit; @ http://localhost:51122/phoenix/live_reload/frame:1804
[  282324ms] [INFO] %c📡 [info] ML model not ready yet for request 24, will retry in 240s (attempt 4)
 color: inherit; @ http://localhost:51122/phoenix/live_reload/frame:1804
[  286355ms] [LOG] phx-GLLBNXu2rYAAHh0B destroyed: the child has been removed from the parent -  undefined @ http://localhost:51122/assets/js/app.js:1843
[  286381ms] [LOG] phx-GLLBNXu2rYAAHh0B mount:  -  {0: Object, 1: 25, 2: Request detail, 3: , 4: Object, 5: Object, 6: , 7: , 8: Object, 9: , 10: , 11: Sub one, 12: , 13: , 14: Object, 15: Edit, 16: Object, 17: Object, 18: Object, 19: Delete, 20: , 21: , 22: , 23: Images, 24: , 25:  phx-drop-target="phx-GLLBeCHD8eYcVALD", 26:  for="phx-GLLBeCHD8eYcVALD", 27: Object, 28: Drop or click to upload, 29: JPG, PNG — max 14 MB, 30: Object, 31: , 32: , 33: Object, 34: Subtasks, 35: , 36: , 37: , 38: Object, 39: Comments, 40: 0, 41: Object, 42:  data-users="[{&quot;id&quot;:2,&quot;username&quo…d&quot;:1,&quot;username&quot;:&quot;dev&quot;}]", 43:  placeholder="Write a comment… use @ to mention", 44: Object, 45: Comment, 46: Status, 47: , 48: Object, 49: , 50: Priority, 51: Object, 52: Requesting team, 53: Development Team, 54: Assigned team, 55: Object, 56: Reporter, 57: dev, 58: Created, 59: May 25, 2026, 60: Deadline, 61: Object, 62: Updated At, 63: May 25, 2026, 64: Aging, 65: aging aging-ok, 66: 0, 67: GitHub issue, 68: Object, 69: Object, 70: , 71: , 72: , 73: , t: Request Details, p: Object, s: 21} @ http://localhost:51122/assets/js/app.js:1843
[  298541ms] [LOG] phx-GLLBNXu2rYAAHh0B update:  -  {4: Object, 7: , 9: , 10: , 12: , 17: , 35: , 36: , 47: , 48: Object, 49: , 63: May 25, 2026, 65: aging aging-ok, 66: 0, 69: Object, 70: , p: Object} @ http://localhost:51122/assets/js/app.js:1843
