[     484ms] [LOG] phx-GLLA0imlMBS50hsh mount:  -  {0: http://localhost:51122, 1: http://localhost:51122, 2: Hermes, 3: New Request, 4:  action="/login", 5:  value="dgY0MzJAdkB3Oh9pM0IjI3IDEAJiFUpTA4xUs8G99jj8f7pB7AsgVLz8", 6: Email address, 7:  placeholder="user@example.com", 8: Password, 9: Sign in, 10: Object, p: Object, s: 1, r: 1, t: Login} @ http://localhost:51122/assets/js/app.js:1843
[     596ms] [ERROR] Failed to load resource: the server responded with a status of 404 (Not Found) @ http://localhost:51122/favicon-32.png:0
[     663ms] [INFO] %c📡 [info] GET /favicon-16.png
 color: inherit; @ http://localhost:51122/phoenix/live_reload/frame:1804
[     671ms] [ERROR] Failed to load resource: the server responded with a status of 404 (Not Found) @ http://localhost:51122/favicon-16.png:0
[   88978ms] [LOG] phx-GLLA0imlMBS50hsh socket: disconnect for page nav -  undefined @ http://localhost:51122/assets/js/app.js:1843
[   88979ms] [LOG] phx-GLLA0imlMBS50hsh destroyed: the child has been removed from the parent -  undefined @ http://localhost:51122/assets/js/app.js:1843
[   88979ms] [LOG]  destroyed: the child has been removed from the parent -  undefined @ http://localhost:51122/assets/js/app.js:1843
[   89161ms] [INFO] %c📡 [info] POST /login
 color: inherit; @ http://localhost:51122/phoenix/live_reload/frame:1804
[   89190ms] [INFO] %c📡 [info] Sent 302 in 28ms
 color: inherit; @ http://localhost:51122/phoenix/live_reload/frame:1804
[   89254ms] [INFO] %c📡 [info] GET /dashboard
 color: inherit; @ http://localhost:51122/phoenix/live_reload/frame:1804
[   89322ms] [INFO] %c📡 [info] Sent 200 in 68ms
 color: inherit; @ http://localhost:51122/phoenix/live_reload/frame:1804
[   89535ms] [LOG] phx-GLLA5uQZ68vhAQBE mount:  -  {0: New Request, 1: Statistics, 2: Object, 3: Object, 4: Object, 5: Object, 6: Object, 7: Object, 8: Object, 9: Object, 10: Roadmap, 11: Object, 12: Object, 13: Object, 14: Priority:, 15: Low, 16: Normal, 17: Important, 18: Critical, 19: Today, 20: Recent Requests, 21: Object, 22: Object, 23: Your Boards, 24: Object, 25: Object, 26: , p: Object, s: 32, t: Dashboard} @ http://localhost:51122/assets/js/app.js:1843
[  114085ms] [LOG] phx-GLLA5uQZ68vhAQBE update:  -  {12: Object} @ http://localhost:51122/assets/js/app.js:1843
[  119329ms] [LOG] phx-GLLA5uQZ68vhAQBE update:  -  {12: Object, 26: Object, c: Object, p: Object} @ http://localhost:51122/assets/js/app.js:1843
[  132646ms] [LOG] phx-GLLA5uQZ68vhAQBE update:  -  {c: Object} @ http://localhost:51122/assets/js/app.js:1843
[  142162ms] [LOG] phx-GLLA5uQZ68vhAQBE update:  -  {c: Object} @ http://localhost:51122/assets/js/app.js:1843
[  195662ms] [LOG] phx-GLLA5uQZ68vhAQBE update:  -  {c: Object} @ http://localhost:51122/assets/js/app.js:1843
[  347482ms] [LOG] phx-GLLA5uQZ68vhAQBE update:  -  {c: Object} @ http://localhost:51122/assets/js/app.js:1843
[  347489ms] [LOG] phx-GLLA5uQZ68vhAQBE update:  -  {2: Object, 3: Object, 12: Object, 22: Object, p: Object} @ http://localhost:51122/assets/js/app.js:1843
[  347496ms] [INFO] %c📡 [info] Starting summarization for request 24, updating field: title (attempt 1)
 color: inherit; @ http://localhost:51122/phoenix/live_reload/frame:1804
[  347497ms] [INFO] %c📡 [info] Processing notification for request 24, type: created
 color: inherit; @ http://localhost:51122/phoenix/live_reload/frame:1804
[  347497ms] [WARNING] %c📡 [warning] Summarization requested but model is still loading
 color: inherit; @ http://localhost:51122/phoenix/live_reload/frame:1804
[  347497ms] [INFO] %c📡 [info] ML model not ready yet for request 24, will retry in 60s (attempt 1)
 color: inherit; @ http://localhost:51122/phoenix/live_reload/frame:1804
[  347498ms] [INFO] %c📡 [info] Sending request created notification for request 24 to 1 recipient(s)
 color: inherit; @ http://localhost:51122/phoenix/live_reload/frame:1804
[  356348ms] [LOG] phx-GLLA5uQZ68vhAQBE update:  -  {12: Object, 26: } @ http://localhost:51122/assets/js/app.js:1843
